<?xml version="1.0" encoding="UTF-8"?>
<testng-results total="1" passed="1" failed="0" skipped="0">
  <reporter-output>
  </reporter-output>
  <suite started-at="2024-09-03T23:42:01Z" name="Surefire suite" finished-at="2024-09-03T23:42:01Z" duration-ms="40">
    <groups>
    </groups>
    <test started-at="2024-09-03T23:42:01Z" name="Surefire test" finished-at="2024-09-03T23:42:01Z" duration-ms="40">
      <class name="com.mycompany.CalculatorTest">
        <test-method is-config="true" signature="setUpClass()[pri:0, instance:com.mycompany.CalculatorTest@1500955a]" started-at="2024-09-03T19:42:01Z" name="setUpClass" finished-at="2024-09-03T19:42:01Z" duration-ms="13" status="PASS">
          <reporter-output>
          </reporter-output>
        </test-method> <!-- setUpClass -->
        <test-method is-config="true" signature="setUpMethod()[pri:0, instance:com.mycompany.CalculatorTest@1500955a]" started-at="2024-09-03T19:42:01Z" name="setUpMethod" finished-at="2024-09-03T19:42:01Z" duration-ms="5" status="PASS">
          <reporter-output>
          </reporter-output>
        </test-method> <!-- setUpMethod -->
        <test-method signature="testAdd()[pri:0, instance:com.mycompany.CalculatorTest@1500955a]" started-at="2024-09-03T19:42:01Z" name="testAdd" finished-at="2024-09-03T19:42:01Z" duration-ms="5" status="PASS">
          <reporter-output>
          </reporter-output>
        </test-method> <!-- testAdd -->
        <test-method is-config="true" signature="tearDownMethod()[pri:0, instance:com.mycompany.CalculatorTest@1500955a]" started-at="2024-09-03T19:42:01Z" name="tearDownMethod" finished-at="2024-09-03T19:42:01Z" duration-ms="0" status="PASS">
          <reporter-output>
          </reporter-output>
        </test-method> <!-- tearDownMethod -->
        <test-method is-config="true" signature="tearDownClass()[pri:0, instance:com.mycompany.CalculatorTest@1500955a]" started-at="2024-09-03T19:42:01Z" name="tearDownClass" finished-at="2024-09-03T19:42:01Z" duration-ms="1" status="PASS">
          <reporter-output>
          </reporter-output>
        </test-method> <!-- tearDownClass -->
      </class> <!-- com.mycompany.CalculatorTest -->
    </test> <!-- Surefire test -->
  </suite> <!-- Surefire suite -->
</testng-results>
